This file contains any messages produced by compilers while
running configure, to aid debugging if configure makes a mistake.

It was created by configure, which was
generated by GNU Autoconf 2.69.  Invocation command line was

  $ ./configure 

## --------- ##
## Platform. ##
## --------- ##

hostname = el6build01.webisp.uk
uname -m = x86_64
uname -r = 2.6.32-042stab120.11
uname -s = Linux
uname -v = #1 SMP Wed Nov 16 12:05:45 MSK 2016

/usr/bin/uname -p = unknown
/bin/uname -X     = unknown

/bin/arch              = x86_64
/usr/bin/arch -k       = unknown
/usr/convex/getsysinfo = unknown
/usr/bin/hostinfo      = unknown
/bin/machine           = unknown
/usr/bin/oslevel       = unknown
/bin/universe          = unknown

PATH: /usr/local/bin
PATH: /bin
PATH: /usr/bin
PATH: /usr/local/sbin
PATH: /usr/sbin
PATH: /sbin
PATH: /usr/local/go/bin
PATH: /home/rpmbuild/bin


## ----------- ##
## Core tests. ##
## ----------- ##

configure:2405: checking for gcc
configure:2421: found /usr/bin/gcc
configure:2432: result: gcc
configure:2661: checking for C compiler version
configure:2670: gcc --version >&5
gcc (GCC) 4.4.7 20120313 (Red Hat 4.4.7-17)
Copyright (C) 2010 Free Software Foundation, Inc.
This is free software; see the source for copying conditions.  There is NO
warranty; not even for MERCHANTABILITY or FITNESS FOR A PARTICULAR PURPOSE.

configure:2681: $? = 0
configure:2670: gcc -v >&5
Using built-in specs.
Target: x86_64-redhat-linux
Configured with: ../configure --prefix=/usr --mandir=/usr/share/man --infodir=/usr/share/info --with-bugurl=http://bugzilla.redhat.com/bugzilla --enable-bootstrap --enable-shared --enable-threads=posix --enable-checking=release --with-system-zlib --enable-__cxa_atexit --disable-libunwind-exceptions --enable-gnu-unique-object --enable-languages=c,c++,objc,obj-c++,java,fortran,ada --enable-java-awt=gtk --disable-dssi --with-java-home=/usr/lib/jvm/java-1.5.0-gcj-1.5.0.0/jre --enable-libgcj-multifile --enable-java-maintainer-mode --with-ecj-jar=/usr/share/java/eclipse-ecj.jar --disable-libjava-multilib --with-ppl --with-cloog --with-tune=generic --with-arch_32=i686 --build=x86_64-redhat-linux
Thread model: posix
gcc version 4.4.7 20120313 (Red Hat 4.4.7-17) (GCC) 
configure:2681: $? = 0
configure:2670: gcc -V >&5
gcc: '-V' option must have argument
configure:2681: $? = 1
configure:2670: gcc -qversion >&5
gcc: unrecognized option '-qversion'
gcc: no input files
configure:2681: $? = 1
configure:2701: checking whether the C compiler works
configure:2723: gcc    conftest.c  >&5
configure:2727: $? = 0
configure:2775: result: yes
configure:2778: checking for C compiler default output file name
configure:2780: result: a.out
configure:2786: checking for suffix of executables
configure:2793: gcc -o conftest    conftest.c  >&5
configure:2797: $? = 0
configure:2819: result: 
configure:2841: checking whether we are cross compiling
configure:2849: gcc -o conftest    conftest.c  >&5
configure:2853: $? = 0
configure:2860: ./conftest
configure:2864: $? = 0
configure:2879: result: no
configure:2884: checking for suffix of object files
configure:2906: gcc -c   conftest.c >&5
configure:2910: $? = 0
configure:2931: result: o
configure:2935: checking whether we are using the GNU C compiler
configure:2954: gcc -c   conftest.c >&5
configure:2954: $? = 0
configure:2963: result: yes
configure:2972: checking whether gcc accepts -g
configure:2992: gcc -c -g  conftest.c >&5
configure:2992: $? = 0
configure:3033: result: yes
configure:3050: checking for gcc option to accept ISO C89
configure:3113: gcc  -c -g -O2  conftest.c >&5
configure:3113: $? = 0
configure:3126: result: none needed
configure:3189: checking for ranlib
configure:3205: found /usr/bin/ranlib
configure:3216: result: ranlib
configure:3246: checking how to run the C preprocessor
configure:3277: gcc -E  conftest.c
configure:3277: $? = 0
configure:3291: gcc -E  conftest.c
conftest.c:9:28: error: ac_nonexistent.h: No such file or directory
configure:3291: $? = 1
configure: failed program was:
| /* confdefs.h */
| #define PACKAGE_NAME ""
| #define PACKAGE_TARNAME ""
| #define PACKAGE_VERSION ""
| #define PACKAGE_STRING ""
| #define PACKAGE_BUGREPORT ""
| #define PACKAGE_URL ""
| /* end confdefs.h.  */
| #include <ac_nonexistent.h>
configure:3316: result: gcc -E
configure:3336: gcc -E  conftest.c
configure:3336: $? = 0
configure:3350: gcc -E  conftest.c
conftest.c:9:28: error: ac_nonexistent.h: No such file or directory
configure:3350: $? = 1
configure: failed program was:
| /* confdefs.h */
| #define PACKAGE_NAME ""
| #define PACKAGE_TARNAME ""
| #define PACKAGE_VERSION ""
| #define PACKAGE_STRING ""
| #define PACKAGE_BUGREPORT ""
| #define PACKAGE_URL ""
| /* end confdefs.h.  */
| #include <ac_nonexistent.h>
configure:3379: checking for grep that handles long lines and -e
configure:3437: result: /bin/grep
configure:3442: checking for egrep
configure:3504: result: /bin/grep -E
configure:3509: checking for ANSI C header files
configure:3529: gcc -c -g -O2  conftest.c >&5
configure:3529: $? = 0
configure:3602: gcc -o conftest -g -O2   conftest.c  >&5
configure:3602: $? = 0
configure:3602: ./conftest
configure:3602: $? = 0
configure:3613: result: yes
configure:3621: checking for sys/wait.h that is POSIX.1 compatible
configure:3647: gcc -c -g -O2  conftest.c >&5
configure:3647: $? = 0
configure:3654: result: yes
configure:3667: checking for sys/types.h
configure:3667: gcc -c -g -O2  conftest.c >&5
configure:3667: $? = 0
configure:3667: result: yes
configure:3667: checking for sys/stat.h
configure:3667: gcc -c -g -O2  conftest.c >&5
configure:3667: $? = 0
configure:3667: result: yes
configure:3667: checking for stdlib.h
configure:3667: gcc -c -g -O2  conftest.c >&5
configure:3667: $? = 0
configure:3667: result: yes
configure:3667: checking for string.h
configure:3667: gcc -c -g -O2  conftest.c >&5
configure:3667: $? = 0
configure:3667: result: yes
configure:3667: checking for memory.h
configure:3667: gcc -c -g -O2  conftest.c >&5
configure:3667: $? = 0
configure:3667: result: yes
configure:3667: checking for strings.h
configure:3667: gcc -c -g -O2  conftest.c >&5
configure:3667: $? = 0
configure:3667: result: yes
configure:3667: checking for inttypes.h
configure:3667: gcc -c -g -O2  conftest.c >&5
configure:3667: $? = 0
configure:3667: result: yes
configure:3667: checking for stdint.h
configure:3667: gcc -c -g -O2  conftest.c >&5
configure:3667: $? = 0
configure:3667: result: yes
configure:3667: checking for unistd.h
configure:3667: gcc -c -g -O2  conftest.c >&5
configure:3667: $? = 0
configure:3667: result: yes
configure:3682: checking fcntl.h usability
configure:3682: gcc -c -g -O2  conftest.c >&5
configure:3682: $? = 0
configure:3682: result: yes
configure:3682: checking fcntl.h presence
configure:3682: gcc -E  conftest.c
configure:3682: $? = 0
configure:3682: result: yes
configure:3682: checking for fcntl.h
configure:3682: result: yes
configure:3682: checking sys/dlpi.h usability
configure:3682: gcc -c -g -O2  conftest.c >&5
conftest.c:54:22: error: sys/dlpi.h: No such file or directory
configure:3682: $? = 1
configure: failed program was:
| /* confdefs.h */
| #define PACKAGE_NAME ""
| #define PACKAGE_TARNAME ""
| #define PACKAGE_VERSION ""
| #define PACKAGE_STRING ""
| #define PACKAGE_BUGREPORT ""
| #define PACKAGE_URL ""
| #define STDC_HEADERS 1
| #define HAVE_SYS_WAIT_H 1
| #define HAVE_SYS_TYPES_H 1
| #define HAVE_SYS_STAT_H 1
| #define HAVE_STDLIB_H 1
| #define HAVE_STRING_H 1
| #define HAVE_MEMORY_H 1
| #define HAVE_STRINGS_H 1
| #define HAVE_INTTYPES_H 1
| #define HAVE_STDINT_H 1
| #define HAVE_UNISTD_H 1
| #define HAVE_FCNTL_H 1
| /* end confdefs.h.  */
| #include <stdio.h>
| #ifdef HAVE_SYS_TYPES_H
| # include <sys/types.h>
| #endif
| #ifdef HAVE_SYS_STAT_H
| # include <sys/stat.h>
| #endif
| #ifdef STDC_HEADERS
| # include <stdlib.h>
| # include <stddef.h>
| #else
| # ifdef HAVE_STDLIB_H
| #  include <stdlib.h>
| # endif
| #endif
| #ifdef HAVE_STRING_H
| # if !defined STDC_HEADERS && defined HAVE_MEMORY_H
| #  include <memory.h>
| # endif
| # include <string.h>
| #endif
| #ifdef HAVE_STRINGS_H
| # include <strings.h>
| #endif
| #ifdef HAVE_INTTYPES_H
| # include <inttypes.h>
| #endif
| #ifdef HAVE_STDINT_H
| # include <stdint.h>
| #endif
| #ifdef HAVE_UNISTD_H
| # include <unistd.h>
| #endif
| #include <sys/dlpi.h>
configure:3682: result: no
configure:3682: checking sys/dlpi.h presence
configure:3682: gcc -E  conftest.c
conftest.c:21:22: error: sys/dlpi.h: No such file or directory
configure:3682: $? = 1
configure: failed program was:
| /* confdefs.h */
| #define PACKAGE_NAME ""
| #define PACKAGE_TARNAME ""
| #define PACKAGE_VERSION ""
| #define PACKAGE_STRING ""
| #define PACKAGE_BUGREPORT ""
| #define PACKAGE_URL ""
| #define STDC_HEADERS 1
| #define HAVE_SYS_WAIT_H 1
| #define HAVE_SYS_TYPES_H 1
| #define HAVE_SYS_STAT_H 1
| #define HAVE_STDLIB_H 1
| #define HAVE_STRING_H 1
| #define HAVE_MEMORY_H 1
| #define HAVE_STRINGS_H 1
| #define HAVE_INTTYPES_H 1
| #define HAVE_STDINT_H 1
| #define HAVE_UNISTD_H 1
| #define HAVE_FCNTL_H 1
| /* end confdefs.h.  */
| #include <sys/dlpi.h>
configure:3682: result: no
configure:3682: checking for sys/dlpi.h
configure:3682: result: no
configure:3682: checking sys/ioctl.h usability
configure:3682: gcc -c -g -O2  conftest.c >&5
configure:3682: $? = 0
configure:3682: result: yes
configure:3682: checking sys/ioctl.h presence
configure:3682: gcc -E  conftest.c
configure:3682: $? = 0
configure:3682: result: yes
configure:3682: checking for sys/ioctl.h
configure:3682: result: yes
configure:3682: checking sys/time.h usability
configure:3682: gcc -c -g -O2  conftest.c >&5
configure:3682: $? = 0
configure:3682: result: yes
configure:3682: checking sys/time.h presence
configure:3682: gcc -E  conftest.c
configure:3682: $? = 0
configure:3682: result: yes
configure:3682: checking for sys/time.h
configure:3682: result: yes
configure:3682: checking syslog.h usability
configure:3682: gcc -c -g -O2  conftest.c >&5
configure:3682: $? = 0
configure:3682: result: yes
configure:3682: checking syslog.h presence
configure:3682: gcc -E  conftest.c
configure:3682: $? = 0
configure:3682: result: yes
configure:3682: checking for syslog.h
configure:3682: result: yes
configure:3682: checking for unistd.h
configure:3682: result: yes
configure:3682: checking net/if_arp.h usability
configure:3682: gcc -c -g -O2  conftest.c >&5
configure:3682: $? = 0
configure:3682: result: yes
configure:3682: checking net/if_arp.h presence
configure:3682: gcc -E  conftest.c
configure:3682: $? = 0
configure:3682: result: yes
configure:3682: checking for net/if_arp.h
configure:3682: result: yes
configure:3682: checking netinet/if_ether.h usability
configure:3682: gcc -c -g -O2  conftest.c >&5
configure:3682: $? = 0
configure:3682: result: yes
configure:3682: checking netinet/if_ether.h presence
configure:3682: gcc -E  conftest.c
configure:3682: $? = 0
configure:3682: result: yes
configure:3682: checking for netinet/if_ether.h
configure:3682: result: yes
configure:3682: checking getopt.h usability
configure:3682: gcc -c -g -O2  conftest.c >&5
configure:3682: $? = 0
configure:3682: result: yes
configure:3682: checking getopt.h presence
configure:3682: gcc -E  conftest.c
configure:3682: $? = 0
configure:3682: result: yes
configure:3682: checking for getopt.h
configure:3682: result: yes
configure:3682: checking sys/uio.h usability
configure:3682: gcc -c -g -O2  conftest.c >&5
configure:3682: $? = 0
configure:3682: result: yes
configure:3682: checking sys/uio.h presence
configure:3682: gcc -E  conftest.c
configure:3682: $? = 0
configure:3682: result: yes
configure:3682: checking for sys/uio.h
configure:3682: result: yes
configure:3682: checking sys/param.h usability
configure:3682: gcc -c -g -O2  conftest.c >&5
configure:3682: $? = 0
configure:3682: result: yes
configure:3682: checking sys/param.h presence
configure:3682: gcc -E  conftest.c
configure:3682: $? = 0
configure:3682: result: yes
configure:3682: checking for sys/param.h
configure:3682: result: yes
configure:3682: checking for fcntl.h
configure:3682: result: yes
configure:3682: checking net/bpf.h usability
configure:3682: gcc -c -g -O2  conftest.c >&5
conftest.c:64:21: error: net/bpf.h: No such file or directory
configure:3682: $? = 1
configure: failed program was:
| /* confdefs.h */
| #define PACKAGE_NAME ""
| #define PACKAGE_TARNAME ""
| #define PACKAGE_VERSION ""
| #define PACKAGE_STRING ""
| #define PACKAGE_BUGREPORT ""
| #define PACKAGE_URL ""
| #define STDC_HEADERS 1
| #define HAVE_SYS_WAIT_H 1
| #define HAVE_SYS_TYPES_H 1
| #define HAVE_SYS_STAT_H 1
| #define HAVE_STDLIB_H 1
| #define HAVE_STRING_H 1
| #define HAVE_MEMORY_H 1
| #define HAVE_STRINGS_H 1
| #define HAVE_INTTYPES_H 1
| #define HAVE_STDINT_H 1
| #define HAVE_UNISTD_H 1
| #define HAVE_FCNTL_H 1
| #define HAVE_SYS_IOCTL_H 1
| #define HAVE_SYS_TIME_H 1
| #define HAVE_SYSLOG_H 1
| #define HAVE_UNISTD_H 1
| #define HAVE_NET_IF_ARP_H 1
| #define HAVE_NETINET_IF_ETHER_H 1
| #define HAVE_GETOPT_H 1
| #define HAVE_SYS_UIO_H 1
| #define HAVE_SYS_PARAM_H 1
| #define HAVE_FCNTL_H 1
| /* end confdefs.h.  */
| #include <stdio.h>
| #ifdef HAVE_SYS_TYPES_H
| # include <sys/types.h>
| #endif
| #ifdef HAVE_SYS_STAT_H
| # include <sys/stat.h>
| #endif
| #ifdef STDC_HEADERS
| # include <stdlib.h>
| # include <stddef.h>
| #else
| # ifdef HAVE_STDLIB_H
| #  include <stdlib.h>
| # endif
| #endif
| #ifdef HAVE_STRING_H
| # if !defined STDC_HEADERS && defined HAVE_MEMORY_H
| #  include <memory.h>
| # endif
| # include <string.h>
| #endif
| #ifdef HAVE_STRINGS_H
| # include <strings.h>
| #endif
| #ifdef HAVE_INTTYPES_H
| # include <inttypes.h>
| #endif
| #ifdef HAVE_STDINT_H
| # include <stdint.h>
| #endif
| #ifdef HAVE_UNISTD_H
| # include <unistd.h>
| #endif
| #include <net/bpf.h>
configure:3682: result: no
configure:3682: checking net/bpf.h presence
configure:3682: gcc -E  conftest.c
conftest.c:31:21: error: net/bpf.h: No such file or directory
configure:3682: $? = 1
configure: failed program was:
| /* confdefs.h */
| #define PACKAGE_NAME ""
| #define PACKAGE_TARNAME ""
| #define PACKAGE_VERSION ""
| #define PACKAGE_STRING ""
| #define PACKAGE_BUGREPORT ""
| #define PACKAGE_URL ""
| #define STDC_HEADERS 1
| #define HAVE_SYS_WAIT_H 1
| #define HAVE_SYS_TYPES_H 1
| #define HAVE_SYS_STAT_H 1
| #define HAVE_STDLIB_H 1
| #define HAVE_STRING_H 1
| #define HAVE_MEMORY_H 1
| #define HAVE_STRINGS_H 1
| #define HAVE_INTTYPES_H 1
| #define HAVE_STDINT_H 1
| #define HAVE_UNISTD_H 1
| #define HAVE_FCNTL_H 1
| #define HAVE_SYS_IOCTL_H 1
| #define HAVE_SYS_TIME_H 1
| #define HAVE_SYSLOG_H 1
| #define HAVE_UNISTD_H 1
| #define HAVE_NET_IF_ARP_H 1
| #define HAVE_NETINET_IF_ETHER_H 1
| #define HAVE_GETOPT_H 1
| #define HAVE_SYS_UIO_H 1
| #define HAVE_SYS_PARAM_H 1
| #define HAVE_FCNTL_H 1
| /* end confdefs.h.  */
| #include <net/bpf.h>
configure:3682: result: no
configure:3682: checking for net/bpf.h
configure:3682: result: no
configure:3682: checking netpacket/packet.h usability
configure:3682: gcc -c -g -O2  conftest.c >&5
configure:3682: $? = 0
configure:3682: result: yes
configure:3682: checking netpacket/packet.h presence
configure:3682: gcc -E  conftest.c
configure:3682: $? = 0
configure:3682: result: yes
configure:3682: checking for netpacket/packet.h
configure:3682: result: yes
configure:3682: checking net/ethernet.h usability
configure:3682: gcc -c -g -O2  conftest.c >&5
configure:3682: $? = 0
configure:3682: result: yes
configure:3682: checking net/ethernet.h presence
configure:3682: gcc -E  conftest.c
configure:3682: $? = 0
configure:3682: result: yes
configure:3682: checking for net/ethernet.h
configure:3682: result: yes
configure:3682: checking asm/types.h usability
configure:3682: gcc -c -g -O2  conftest.c >&5
configure:3682: $? = 0
configure:3682: result: yes
configure:3682: checking asm/types.h presence
configure:3682: gcc -E  conftest.c
configure:3682: $? = 0
configure:3682: result: yes
configure:3682: checking for asm/types.h
configure:3682: result: yes
configure:3682: checking linux/if_packet.h usability
configure:3682: gcc -c -g -O2  conftest.c >&5
configure:3682: $? = 0
configure:3682: result: yes
configure:3682: checking linux/if_packet.h presence
configure:3682: gcc -E  conftest.c
configure:3682: $? = 0
configure:3682: result: yes
configure:3682: checking for linux/if_packet.h
configure:3682: result: yes
configure:3682: checking linux/if_ether.h usability
configure:3682: gcc -c -g -O2  conftest.c >&5
configure:3682: $? = 0
configure:3682: result: yes
configure:3682: checking linux/if_ether.h presence
configure:3682: gcc -E  conftest.c
configure:3682: $? = 0
configure:3682: result: yes
configure:3682: checking for linux/if_ether.h
configure:3682: result: yes
configure:3682: checking sys/socket.h usability
configure:3682: gcc -c -g -O2  conftest.c >&5
configure:3682: $? = 0
configure:3682: result: yes
configure:3682: checking sys/socket.h presence
configure:3682: gcc -E  conftest.c
configure:3682: $? = 0
configure:3682: result: yes
configure:3682: checking for sys/socket.h
configure:3682: result: yes
configure:3682: checking sys/cdefs.h usability
configure:3682: gcc -c -g -O2  conftest.c >&5
configure:3682: $? = 0
configure:3682: result: yes
configure:3682: checking sys/cdefs.h presence
configure:3682: gcc -E  conftest.c
configure:3682: $? = 0
configure:3682: result: yes
configure:3682: checking for sys/cdefs.h
configure:3682: result: yes
configure:3682: checking net/if.h usability
configure:3682: gcc -c -g -O2  conftest.c >&5
configure:3682: $? = 0
configure:3682: result: yes
configure:3682: checking net/if.h presence
configure:3682: gcc -E  conftest.c
configure:3682: $? = 0
configure:3682: result: yes
configure:3682: checking for net/if.h
configure:3682: result: yes
configure:3682: checking net/if_dl.h usability
configure:3682: gcc -c -g -O2  conftest.c >&5
conftest.c:72:23: error: net/if_dl.h: No such file or directory
configure:3682: $? = 1
configure: failed program was:
| /* confdefs.h */
| #define PACKAGE_NAME ""
| #define PACKAGE_TARNAME ""
| #define PACKAGE_VERSION ""
| #define PACKAGE_STRING ""
| #define PACKAGE_BUGREPORT ""
| #define PACKAGE_URL ""
| #define STDC_HEADERS 1
| #define HAVE_SYS_WAIT_H 1
| #define HAVE_SYS_TYPES_H 1
| #define HAVE_SYS_STAT_H 1
| #define HAVE_STDLIB_H 1
| #define HAVE_STRING_H 1
| #define HAVE_MEMORY_H 1
| #define HAVE_STRINGS_H 1
| #define HAVE_INTTYPES_H 1
| #define HAVE_STDINT_H 1
| #define HAVE_UNISTD_H 1
| #define HAVE_FCNTL_H 1
| #define HAVE_SYS_IOCTL_H 1
| #define HAVE_SYS_TIME_H 1
| #define HAVE_SYSLOG_H 1
| #define HAVE_UNISTD_H 1
| #define HAVE_NET_IF_ARP_H 1
| #define HAVE_NETINET_IF_ETHER_H 1
| #define HAVE_GETOPT_H 1
| #define HAVE_SYS_UIO_H 1
| #define HAVE_SYS_PARAM_H 1
| #define HAVE_FCNTL_H 1
| #define HAVE_NETPACKET_PACKET_H 1
| #define HAVE_NET_ETHERNET_H 1
| #define HAVE_ASM_TYPES_H 1
| #define HAVE_LINUX_IF_PACKET_H 1
| #define HAVE_LINUX_IF_ETHER_H 1
| #define HAVE_SYS_SOCKET_H 1
| #define HAVE_SYS_CDEFS_H 1
| #define HAVE_NET_IF_H 1
| /* end confdefs.h.  */
| #include <stdio.h>
| #ifdef HAVE_SYS_TYPES_H
| # include <sys/types.h>
| #endif
| #ifdef HAVE_SYS_STAT_H
| # include <sys/stat.h>
| #endif
| #ifdef STDC_HEADERS
| # include <stdlib.h>
| # include <stddef.h>
| #else
| # ifdef HAVE_STDLIB_H
| #  include <stdlib.h>
| # endif
| #endif
| #ifdef HAVE_STRING_H
| # if !defined STDC_HEADERS && defined HAVE_MEMORY_H
| #  include <memory.h>
| # endif
| # include <string.h>
| #endif
| #ifdef HAVE_STRINGS_H
| # include <strings.h>
| #endif
| #ifdef HAVE_INTTYPES_H
| # include <inttypes.h>
| #endif
| #ifdef HAVE_STDINT_H
| # include <stdint.h>
| #endif
| #ifdef HAVE_UNISTD_H
| # include <unistd.h>
| #endif
| #include <net/if_dl.h>
configure:3682: result: no
configure:3682: checking net/if_dl.h presence
configure:3682: gcc -E  conftest.c
conftest.c:39:23: error: net/if_dl.h: No such file or directory
configure:3682: $? = 1
configure: failed program was:
| /* confdefs.h */
| #define PACKAGE_NAME ""
| #define PACKAGE_TARNAME ""
| #define PACKAGE_VERSION ""
| #define PACKAGE_STRING ""
| #define PACKAGE_BUGREPORT ""
| #define PACKAGE_URL ""
| #define STDC_HEADERS 1
| #define HAVE_SYS_WAIT_H 1
| #define HAVE_SYS_TYPES_H 1
| #define HAVE_SYS_STAT_H 1
| #define HAVE_STDLIB_H 1
| #define HAVE_STRING_H 1
| #define HAVE_MEMORY_H 1
| #define HAVE_STRINGS_H 1
| #define HAVE_INTTYPES_H 1
| #define HAVE_STDINT_H 1
| #define HAVE_UNISTD_H 1
| #define HAVE_FCNTL_H 1
| #define HAVE_SYS_IOCTL_H 1
| #define HAVE_SYS_TIME_H 1
| #define HAVE_SYSLOG_H 1
| #define HAVE_UNISTD_H 1
| #define HAVE_NET_IF_ARP_H 1
| #define HAVE_NETINET_IF_ETHER_H 1
| #define HAVE_GETOPT_H 1
| #define HAVE_SYS_UIO_H 1
| #define HAVE_SYS_PARAM_H 1
| #define HAVE_FCNTL_H 1
| #define HAVE_NETPACKET_PACKET_H 1
| #define HAVE_NET_ETHERNET_H 1
| #define HAVE_ASM_TYPES_H 1
| #define HAVE_LINUX_IF_PACKET_H 1
| #define HAVE_LINUX_IF_ETHER_H 1
| #define HAVE_SYS_SOCKET_H 1
| #define HAVE_SYS_CDEFS_H 1
| #define HAVE_NET_IF_H 1
| /* end confdefs.h.  */
| #include <net/if_dl.h>
configure:3682: result: no
configure:3682: checking for net/if_dl.h
configure:3682: result: no
configure:3682: checking net/if_ether.h usability
configure:3682: gcc -c -g -O2  conftest.c >&5
conftest.c:72:26: error: net/if_ether.h: No such file or directory
configure:3682: $? = 1
configure: failed program was:
| /* confdefs.h */
| #define PACKAGE_NAME ""
| #define PACKAGE_TARNAME ""
| #define PACKAGE_VERSION ""
| #define PACKAGE_STRING ""
| #define PACKAGE_BUGREPORT ""
| #define PACKAGE_URL ""
| #define STDC_HEADERS 1
| #define HAVE_SYS_WAIT_H 1
| #define HAVE_SYS_TYPES_H 1
| #define HAVE_SYS_STAT_H 1
| #define HAVE_STDLIB_H 1
| #define HAVE_STRING_H 1
| #define HAVE_MEMORY_H 1
| #define HAVE_STRINGS_H 1
| #define HAVE_INTTYPES_H 1
| #define HAVE_STDINT_H 1
| #define HAVE_UNISTD_H 1
| #define HAVE_FCNTL_H 1
| #define HAVE_SYS_IOCTL_H 1
| #define HAVE_SYS_TIME_H 1
| #define HAVE_SYSLOG_H 1
| #define HAVE_UNISTD_H 1
| #define HAVE_NET_IF_ARP_H 1
| #define HAVE_NETINET_IF_ETHER_H 1
| #define HAVE_GETOPT_H 1
| #define HAVE_SYS_UIO_H 1
| #define HAVE_SYS_PARAM_H 1
| #define HAVE_FCNTL_H 1
| #define HAVE_NETPACKET_PACKET_H 1
| #define HAVE_NET_ETHERNET_H 1
| #define HAVE_ASM_TYPES_H 1
| #define HAVE_LINUX_IF_PACKET_H 1
| #define HAVE_LINUX_IF_ETHER_H 1
| #define HAVE_SYS_SOCKET_H 1
| #define HAVE_SYS_CDEFS_H 1
| #define HAVE_NET_IF_H 1
| /* end confdefs.h.  */
| #include <stdio.h>
| #ifdef HAVE_SYS_TYPES_H
| # include <sys/types.h>
| #endif
| #ifdef HAVE_SYS_STAT_H
| # include <sys/stat.h>
| #endif
| #ifdef STDC_HEADERS
| # include <stdlib.h>
| # include <stddef.h>
| #else
| # ifdef HAVE_STDLIB_H
| #  include <stdlib.h>
| # endif
| #endif
| #ifdef HAVE_STRING_H
| # if !defined STDC_HEADERS && defined HAVE_MEMORY_H
| #  include <memory.h>
| # endif
| # include <string.h>
| #endif
| #ifdef HAVE_STRINGS_H
| # include <strings.h>
| #endif
| #ifdef HAVE_INTTYPES_H
| # include <inttypes.h>
| #endif
| #ifdef HAVE_STDINT_H
| # include <stdint.h>
| #endif
| #ifdef HAVE_UNISTD_H
| # include <unistd.h>
| #endif
| #include <net/if_ether.h>
configure:3682: result: no
configure:3682: checking net/if_ether.h presence
configure:3682: gcc -E  conftest.c
conftest.c:39:26: error: net/if_ether.h: No such file or directory
configure:3682: $? = 1
configure: failed program was:
| /* confdefs.h */
| #define PACKAGE_NAME ""
| #define PACKAGE_TARNAME ""
| #define PACKAGE_VERSION ""
| #define PACKAGE_STRING ""
| #define PACKAGE_BUGREPORT ""
| #define PACKAGE_URL ""
| #define STDC_HEADERS 1
| #define HAVE_SYS_WAIT_H 1
| #define HAVE_SYS_TYPES_H 1
| #define HAVE_SYS_STAT_H 1
| #define HAVE_STDLIB_H 1
| #define HAVE_STRING_H 1
| #define HAVE_MEMORY_H 1
| #define HAVE_STRINGS_H 1
| #define HAVE_INTTYPES_H 1
| #define HAVE_STDINT_H 1
| #define HAVE_UNISTD_H 1
| #define HAVE_FCNTL_H 1
| #define HAVE_SYS_IOCTL_H 1
| #define HAVE_SYS_TIME_H 1
| #define HAVE_SYSLOG_H 1
| #define HAVE_UNISTD_H 1
| #define HAVE_NET_IF_ARP_H 1
| #define HAVE_NETINET_IF_ETHER_H 1
| #define HAVE_GETOPT_H 1
| #define HAVE_SYS_UIO_H 1
| #define HAVE_SYS_PARAM_H 1
| #define HAVE_FCNTL_H 1
| #define HAVE_NETPACKET_PACKET_H 1
| #define HAVE_NET_ETHERNET_H 1
| #define HAVE_ASM_TYPES_H 1
| #define HAVE_LINUX_IF_PACKET_H 1
| #define HAVE_LINUX_IF_ETHER_H 1
| #define HAVE_SYS_SOCKET_H 1
| #define HAVE_SYS_CDEFS_H 1
| #define HAVE_NET_IF_H 1
| /* end confdefs.h.  */
| #include <net/if_ether.h>
configure:3682: result: no
configure:3682: checking for net/if_ether.h
configure:3682: result: no
configure:3682: checking net/if_types.h usability
configure:3682: gcc -c -g -O2  conftest.c >&5
conftest.c:72:26: error: net/if_types.h: No such file or directory
configure:3682: $? = 1
configure: failed program was:
| /* confdefs.h */
| #define PACKAGE_NAME ""
| #define PACKAGE_TARNAME ""
| #define PACKAGE_VERSION ""
| #define PACKAGE_STRING ""
| #define PACKAGE_BUGREPORT ""
| #define PACKAGE_URL ""
| #define STDC_HEADERS 1
| #define HAVE_SYS_WAIT_H 1
| #define HAVE_SYS_TYPES_H 1
| #define HAVE_SYS_STAT_H 1
| #define HAVE_STDLIB_H 1
| #define HAVE_STRING_H 1
| #define HAVE_MEMORY_H 1
| #define HAVE_STRINGS_H 1
| #define HAVE_INTTYPES_H 1
| #define HAVE_STDINT_H 1
| #define HAVE_UNISTD_H 1
| #define HAVE_FCNTL_H 1
| #define HAVE_SYS_IOCTL_H 1
| #define HAVE_SYS_TIME_H 1
| #define HAVE_SYSLOG_H 1
| #define HAVE_UNISTD_H 1
| #define HAVE_NET_IF_ARP_H 1
| #define HAVE_NETINET_IF_ETHER_H 1
| #define HAVE_GETOPT_H 1
| #define HAVE_SYS_UIO_H 1
| #define HAVE_SYS_PARAM_H 1
| #define HAVE_FCNTL_H 1
| #define HAVE_NETPACKET_PACKET_H 1
| #define HAVE_NET_ETHERNET_H 1
| #define HAVE_ASM_TYPES_H 1
| #define HAVE_LINUX_IF_PACKET_H 1
| #define HAVE_LINUX_IF_ETHER_H 1
| #define HAVE_SYS_SOCKET_H 1
| #define HAVE_SYS_CDEFS_H 1
| #define HAVE_NET_IF_H 1
| /* end confdefs.h.  */
| #include <stdio.h>
| #ifdef HAVE_SYS_TYPES_H
| # include <sys/types.h>
| #endif
| #ifdef HAVE_SYS_STAT_H
| # include <sys/stat.h>
| #endif
| #ifdef STDC_HEADERS
| # include <stdlib.h>
| # include <stddef.h>
| #else
| # ifdef HAVE_STDLIB_H
| #  include <stdlib.h>
| # endif
| #endif
| #ifdef HAVE_STRING_H
| # if !defined STDC_HEADERS && defined HAVE_MEMORY_H
| #  include <memory.h>
| # endif
| # include <string.h>
| #endif
| #ifdef HAVE_STRINGS_H
| # include <strings.h>
| #endif
| #ifdef HAVE_INTTYPES_H
| # include <inttypes.h>
| #endif
| #ifdef HAVE_STDINT_H
| # include <stdint.h>
| #endif
| #ifdef HAVE_UNISTD_H
| # include <unistd.h>
| #endif
| #include <net/if_types.h>
configure:3682: result: no
configure:3682: checking net/if_types.h presence
configure:3682: gcc -E  conftest.c
conftest.c:39:26: error: net/if_types.h: No such file or directory
configure:3682: $? = 1
configure: failed program was:
| /* confdefs.h */
| #define PACKAGE_NAME ""
| #define PACKAGE_TARNAME ""
| #define PACKAGE_VERSION ""
| #define PACKAGE_STRING ""
| #define PACKAGE_BUGREPORT ""
| #define PACKAGE_URL ""
| #define STDC_HEADERS 1
| #define HAVE_SYS_WAIT_H 1
| #define HAVE_SYS_TYPES_H 1
| #define HAVE_SYS_STAT_H 1
| #define HAVE_STDLIB_H 1
| #define HAVE_STRING_H 1
| #define HAVE_MEMORY_H 1
| #define HAVE_STRINGS_H 1
| #define HAVE_INTTYPES_H 1
| #define HAVE_STDINT_H 1
| #define HAVE_UNISTD_H 1
| #define HAVE_FCNTL_H 1
| #define HAVE_SYS_IOCTL_H 1
| #define HAVE_SYS_TIME_H 1
| #define HAVE_SYSLOG_H 1
| #define HAVE_UNISTD_H 1
| #define HAVE_NET_IF_ARP_H 1
| #define HAVE_NETINET_IF_ETHER_H 1
| #define HAVE_GETOPT_H 1
| #define HAVE_SYS_UIO_H 1
| #define HAVE_SYS_PARAM_H 1
| #define HAVE_FCNTL_H 1
| #define HAVE_NETPACKET_PACKET_H 1
| #define HAVE_NET_ETHERNET_H 1
| #define HAVE_ASM_TYPES_H 1
| #define HAVE_LINUX_IF_PACKET_H 1
| #define HAVE_LINUX_IF_ETHER_H 1
| #define HAVE_SYS_SOCKET_H 1
| #define HAVE_SYS_CDEFS_H 1
| #define HAVE_NET_IF_H 1
| /* end confdefs.h.  */
| #include <net/if_types.h>
configure:3682: result: no
configure:3682: checking for net/if_types.h
configure:3682: result: no
configure:3682: checking for netinet/if_ether.h
configure:3682: result: yes
configure:3682: checking for net/if_types.h
configure:3682: result: no
configure:3682: checking for net/if_dl.h
configure:3682: result: no
configure:3694: checking for linux/if.h
configure:3694: gcc -c -g -O2  conftest.c >&5
configure:3694: $? = 0
configure:3694: result: yes
configure:3707: checking for linux/if_pppox.h
configure:3707: gcc -c -g -O2  conftest.c >&5
configure:3707: $? = 0
configure:3707: result: yes
configure:3724: checking for an ANSI C-conforming const
configure:3790: gcc -c -g -O2  conftest.c >&5
configure:3790: $? = 0
configure:3797: result: yes
configure:3805: checking for pid_t
configure:3805: gcc -c -g -O2  conftest.c >&5
configure:3805: $? = 0
configure:3805: gcc -c -g -O2  conftest.c >&5
conftest.c: In function 'main':
conftest.c:78: error: expected expression before ')' token
configure:3805: $? = 1
configure: failed program was:
| /* confdefs.h */
| #define PACKAGE_NAME ""
| #define PACKAGE_TARNAME ""
| #define PACKAGE_VERSION ""
| #define PACKAGE_STRING ""
| #define PACKAGE_BUGREPORT ""
| #define PACKAGE_URL ""
| #define STDC_HEADERS 1
| #define HAVE_SYS_WAIT_H 1
| #define HAVE_SYS_TYPES_H 1
| #define HAVE_SYS_STAT_H 1
| #define HAVE_STDLIB_H 1
| #define HAVE_STRING_H 1
| #define HAVE_MEMORY_H 1
| #define HAVE_STRINGS_H 1
| #define HAVE_INTTYPES_H 1
| #define HAVE_STDINT_H 1
| #define HAVE_UNISTD_H 1
| #define HAVE_FCNTL_H 1
| #define HAVE_SYS_IOCTL_H 1
| #define HAVE_SYS_TIME_H 1
| #define HAVE_SYSLOG_H 1
| #define HAVE_UNISTD_H 1
| #define HAVE_NET_IF_ARP_H 1
| #define HAVE_NETINET_IF_ETHER_H 1
| #define HAVE_GETOPT_H 1
| #define HAVE_SYS_UIO_H 1
| #define HAVE_SYS_PARAM_H 1
| #define HAVE_FCNTL_H 1
| #define HAVE_NETPACKET_PACKET_H 1
| #define HAVE_NET_ETHERNET_H 1
| #define HAVE_ASM_TYPES_H 1
| #define HAVE_LINUX_IF_PACKET_H 1
| #define HAVE_LINUX_IF_ETHER_H 1
| #define HAVE_SYS_SOCKET_H 1
| #define HAVE_SYS_CDEFS_H 1
| #define HAVE_NET_IF_H 1
| #define HAVE_NETINET_IF_ETHER_H 1
| #define HAVE_LINUX_IF_H 1
| #define HAVE_LINUX_IF_PPPOX_H 1
| /* end confdefs.h.  */
| #include <stdio.h>
| #ifdef HAVE_SYS_TYPES_H
| # include <sys/types.h>
| #endif
| #ifdef HAVE_SYS_STAT_H
| # include <sys/stat.h>
| #endif
| #ifdef STDC_HEADERS
| # include <stdlib.h>
| # include <stddef.h>
| #else
| # ifdef HAVE_STDLIB_H
| #  include <stdlib.h>
| # endif
| #endif
| #ifdef HAVE_STRING_H
| # if !defined STDC_HEADERS && defined HAVE_MEMORY_H
| #  include <memory.h>
| # endif
| # include <string.h>
| #endif
| #ifdef HAVE_STRINGS_H
| # include <strings.h>
| #endif
| #ifdef HAVE_INTTYPES_H
| # include <inttypes.h>
| #endif
| #ifdef HAVE_STDINT_H
| # include <stdint.h>
| #endif
| #ifdef HAVE_UNISTD_H
| # include <unistd.h>
| #endif
| int
| main ()
| {
| if (sizeof ((pid_t)))
| 	    return 0;
|   ;
|   return 0;
| }
configure:3805: result: yes
configure:3816: checking whether time.h and sys/time.h may both be included
configure:3836: gcc -c -g -O2  conftest.c >&5
configure:3836: $? = 0
configure:3843: result: yes
configure:3851: checking whether struct tm is in sys/time.h or time.h
configure:3871: gcc -c -g -O2  conftest.c >&5
configure:3871: $? = 0
configure:3878: result: time.h
configure:3887: checking for struct sockaddr_ll
configure:3903: gcc -c -g -O2  conftest.c >&5
configure:3903: $? = 0
configure:3909: result: yes
configure:3917: checking for N_HDLC line discipline
configure:3932: gcc -c -g -O2  conftest.c >&5
configure:3932: $? = 0
configure:3938: result: yes
configure:4030: checking for working memcmp
configure:4073: gcc -o conftest -g -O2   conftest.c  >&5
configure:4073: $? = 0
configure:4073: ./conftest
configure:4073: $? = 0
configure:4083: result: yes
configure:4099: checking return type of signal handlers
configure:4117: gcc -c -g -O2  conftest.c >&5
conftest.c: In function 'main':
conftest.c:52: error: void value not ignored as it ought to be
configure:4117: $? = 1
configure: failed program was:
| /* confdefs.h */
| #define PACKAGE_NAME ""
| #define PACKAGE_TARNAME ""
| #define PACKAGE_VERSION ""
| #define PACKAGE_STRING ""
| #define PACKAGE_BUGREPORT ""
| #define PACKAGE_URL ""
| #define STDC_HEADERS 1
| #define HAVE_SYS_WAIT_H 1
| #define HAVE_SYS_TYPES_H 1
| #define HAVE_SYS_STAT_H 1
| #define HAVE_STDLIB_H 1
| #define HAVE_STRING_H 1
| #define HAVE_MEMORY_H 1
| #define HAVE_STRINGS_H 1
| #define HAVE_INTTYPES_H 1
| #define HAVE_STDINT_H 1
| #define HAVE_UNISTD_H 1
| #define HAVE_FCNTL_H 1
| #define HAVE_SYS_IOCTL_H 1
| #define HAVE_SYS_TIME_H 1
| #define HAVE_SYSLOG_H 1
| #define HAVE_UNISTD_H 1
| #define HAVE_NET_IF_ARP_H 1
| #define HAVE_NETINET_IF_ETHER_H 1
| #define HAVE_GETOPT_H 1
| #define HAVE_SYS_UIO_H 1
| #define HAVE_SYS_PARAM_H 1
| #define HAVE_FCNTL_H 1
| #define HAVE_NETPACKET_PACKET_H 1
| #define HAVE_NET_ETHERNET_H 1
| #define HAVE_ASM_TYPES_H 1
| #define HAVE_LINUX_IF_PACKET_H 1
| #define HAVE_LINUX_IF_ETHER_H 1
| #define HAVE_SYS_SOCKET_H 1
| #define HAVE_SYS_CDEFS_H 1
| #define HAVE_NET_IF_H 1
| #define HAVE_NETINET_IF_ETHER_H 1
| #define HAVE_LINUX_IF_H 1
| #define HAVE_LINUX_IF_PPPOX_H 1
| #define TIME_WITH_SYS_TIME 1
| #define HAVE_STRUCT_SOCKADDR_LL 1
| #define HAVE_N_HDLC 1
| #define DEBUGGING_ENABLED 1
| /* end confdefs.h.  */
| #include <sys/types.h>
| #include <signal.h>
| 
| int
| main ()
| {
| return *(signal (0, 0)) (0) == 1;
|   ;
|   return 0;
| }
configure:4124: result: void
configure:4135: checking for select
configure:4135: gcc -o conftest -g -O2   conftest.c  >&5
configure:4135: $? = 0
configure:4135: result: yes
configure:4135: checking for socket
configure:4135: gcc -o conftest -g -O2   conftest.c  >&5
configure:4135: $? = 0
configure:4135: result: yes
configure:4135: checking for strerror
configure:4135: gcc -o conftest -g -O2   conftest.c  >&5
configure:4135: $? = 0
configure:4135: result: yes
configure:4135: checking for strtol
configure:4135: gcc -o conftest -g -O2   conftest.c  >&5
configure:4135: $? = 0
configure:4135: result: yes
configure:4187: checking for a BSD-compatible install
configure:4255: result: /usr/bin/install -c
configure:4271: checking size of unsigned short
configure:4276: gcc -o conftest -g -O2   conftest.c  >&5
configure:4276: $? = 0
configure:4276: ./conftest
configure:4276: $? = 0
configure:4290: result: 2
configure:4304: checking size of unsigned int
configure:4309: gcc -o conftest -g -O2   conftest.c  >&5
configure:4309: $? = 0
configure:4309: ./conftest
configure:4309: $? = 0
configure:4323: result: 4
configure:4337: checking size of unsigned long
configure:4342: gcc -o conftest -g -O2   conftest.c  >&5
configure:4342: $? = 0
configure:4342: ./conftest
configure:4342: $? = 0
configure:4356: result: 8
configure:4369: checking for pppd
configure:4388: found /usr/sbin/pppd
configure:4401: result: /usr/sbin/pppd
configure:4411: checking for echo
configure:4429: found /bin/echo
configure:4442: result: /bin/echo
configure:4453: checking for setsid
configure:4472: found /usr/bin/setsid
configure:4485: result: /usr/bin/setsid
configure:4496: checking for id
configure:4515: found /usr/bin/id
configure:4528: result: /usr/bin/id
configure:4537: checking for Linux 2.4.X kernel-mode PPPoE support
configure:4568: gcc -o conftest -g -O2   conftest.c  >&5
configure:4568: $? = 0
configure:4568: ./conftest
configure:4568: $? = 1
configure: program exited with status 1
configure: failed program was:
| /* confdefs.h */
| #define PACKAGE_NAME ""
| #define PACKAGE_TARNAME ""
| #define PACKAGE_VERSION ""
| #define PACKAGE_STRING ""
| #define PACKAGE_BUGREPORT ""
| #define PACKAGE_URL ""
| #define STDC_HEADERS 1
| #define HAVE_SYS_WAIT_H 1
| #define HAVE_SYS_TYPES_H 1
| #define HAVE_SYS_STAT_H 1
| #define HAVE_STDLIB_H 1
| #define HAVE_STRING_H 1
| #define HAVE_MEMORY_H 1
| #define HAVE_STRINGS_H 1
| #define HAVE_INTTYPES_H 1
| #define HAVE_STDINT_H 1
| #define HAVE_UNISTD_H 1
| #define HAVE_FCNTL_H 1
| #define HAVE_SYS_IOCTL_H 1
| #define HAVE_SYS_TIME_H 1
| #define HAVE_SYSLOG_H 1
| #define HAVE_UNISTD_H 1
| #define HAVE_NET_IF_ARP_H 1
| #define HAVE_NETINET_IF_ETHER_H 1
| #define HAVE_GETOPT_H 1
| #define HAVE_SYS_UIO_H 1
| #define HAVE_SYS_PARAM_H 1
| #define HAVE_FCNTL_H 1
| #define HAVE_NETPACKET_PACKET_H 1
| #define HAVE_NET_ETHERNET_H 1
| #define HAVE_ASM_TYPES_H 1
| #define HAVE_LINUX_IF_PACKET_H 1
| #define HAVE_LINUX_IF_ETHER_H 1
| #define HAVE_SYS_SOCKET_H 1
| #define HAVE_SYS_CDEFS_H 1
| #define HAVE_NET_IF_H 1
| #define HAVE_NETINET_IF_ETHER_H 1
| #define HAVE_LINUX_IF_H 1
| #define HAVE_LINUX_IF_PPPOX_H 1
| #define TIME_WITH_SYS_TIME 1
| #define HAVE_STRUCT_SOCKADDR_LL 1
| #define HAVE_N_HDLC 1
| #define DEBUGGING_ENABLED 1
| #define RETSIGTYPE void
| #define HAVE_SELECT 1
| #define HAVE_SOCKET 1
| #define HAVE_STRERROR 1
| #define HAVE_STRTOL 1
| #define SIZEOF_UNSIGNED_SHORT 2
| #define SIZEOF_UNSIGNED_INT 4
| #define SIZEOF_UNSIGNED_LONG 8
| /* end confdefs.h.  */
| #include <sys/socket.h>
| #include <net/ethernet.h>
| #include <linux/if.h>
| #include <netinet/in.h>
| #include <linux/if_pppox.h>
| int main()
| {
| 	if (socket(AF_PPPOX, SOCK_DGRAM, PX_PROTO_OE) >= 0) return 0; else return 1;
| }
| 
configure:4584: result: no
configure:4643: checking packing order of bit fields
configure:4675: gcc -o conftest -g -O2 -fno-strict-aliasing -Wall -Wstrict-prototypes   conftest.c  >&5
configure:4675: $? = 0
configure:4675: ./conftest
configure:4675: $? = 1
configure: program exited with status 1
configure: failed program was:
| /* confdefs.h */
| #define PACKAGE_NAME ""
| #define PACKAGE_TARNAME ""
| #define PACKAGE_VERSION ""
| #define PACKAGE_STRING ""
| #define PACKAGE_BUGREPORT ""
| #define PACKAGE_URL ""
| #define STDC_HEADERS 1
| #define HAVE_SYS_WAIT_H 1
| #define HAVE_SYS_TYPES_H 1
| #define HAVE_SYS_STAT_H 1
| #define HAVE_STDLIB_H 1
| #define HAVE_STRING_H 1
| #define HAVE_MEMORY_H 1
| #define HAVE_STRINGS_H 1
| #define HAVE_INTTYPES_H 1
| #define HAVE_STDINT_H 1
| #define HAVE_UNISTD_H 1
| #define HAVE_FCNTL_H 1
| #define HAVE_SYS_IOCTL_H 1
| #define HAVE_SYS_TIME_H 1
| #define HAVE_SYSLOG_H 1
| #define HAVE_UNISTD_H 1
| #define HAVE_NET_IF_ARP_H 1
| #define HAVE_NETINET_IF_ETHER_H 1
| #define HAVE_GETOPT_H 1
| #define HAVE_SYS_UIO_H 1
| #define HAVE_SYS_PARAM_H 1
| #define HAVE_FCNTL_H 1
| #define HAVE_NETPACKET_PACKET_H 1
| #define HAVE_NET_ETHERNET_H 1
| #define HAVE_ASM_TYPES_H 1
| #define HAVE_LINUX_IF_PACKET_H 1
| #define HAVE_LINUX_IF_ETHER_H 1
| #define HAVE_SYS_SOCKET_H 1
| #define HAVE_SYS_CDEFS_H 1
| #define HAVE_NET_IF_H 1
| #define HAVE_NETINET_IF_ETHER_H 1
| #define HAVE_LINUX_IF_H 1
| #define HAVE_LINUX_IF_PPPOX_H 1
| #define TIME_WITH_SYS_TIME 1
| #define HAVE_STRUCT_SOCKADDR_LL 1
| #define HAVE_N_HDLC 1
| #define DEBUGGING_ENABLED 1
| #define RETSIGTYPE void
| #define HAVE_SELECT 1
| #define HAVE_SOCKET 1
| #define HAVE_STRERROR 1
| #define HAVE_STRTOL 1
| #define SIZEOF_UNSIGNED_SHORT 2
| #define SIZEOF_UNSIGNED_INT 4
| #define SIZEOF_UNSIGNED_LONG 8
| /* end confdefs.h.  */
| 
| union foo {
|     struct bar {
| 	unsigned int ver:4;
| 	unsigned int type:4;
|     } bb;
|     unsigned char baz;
| };
| 
| int
| main(void)
| {
|     union foo x;
|     x.bb.ver = 1;
|     x.bb.type = 2;
|     if (x.baz == 0x21) {
| 	return 1;
|     } else if (x.baz == 0x12) {
| 	return 0;
|     } else {
| 	return 2;
|     }
| }
configure:4687: result: reversed
configure:4876: creating ./config.status

## ---------------------- ##
## Running config.status. ##
## ---------------------- ##

This file was extended by config.status, which was
generated by GNU Autoconf 2.69.  Invocation command line was

  CONFIG_FILES    = 
  CONFIG_HEADERS  = 
  CONFIG_LINKS    = 
  CONFIG_COMMANDS = 
  $ ./config.status 

on el6build01.webisp.uk

config.status:868: creating Makefile
config.status:971: WARNING:  'Makefile.in' seems to ignore the --datarootdir setting
config.status:868: creating libevent/Makefile
config.status:868: creating ../scripts/pppoe-connect
config.status:868: creating ../scripts/pppoe-start
config.status:868: creating ../scripts/pppoe-stop
config.status:868: creating ../scripts/pppoe-init
config.status:868: creating ../scripts/pppoe-init-suse
config.status:868: creating ../scripts/pppoe-init-turbolinux
config.status:868: creating ../scripts/pppoe-setup
config.status:868: creating ../gui/Makefile
config.status:971: WARNING:  '../gui/Makefile.in' seems to ignore the --datarootdir setting
config.status:868: creating ../gui/tkpppoe
config.status:868: creating config.h
config.status:1043: config.h is unchanged
configure:6052: result: On this platform, the following targets will be built:
configure:6054: result: pppoe pppoe-server pppoe-sniff pppoe-relay
configure:6056: result: Type 'make' to compile the software.

## ---------------- ##
## Cache variables. ##
## ---------------- ##

ac_cv_c_compiler_gnu=yes
ac_cv_c_const=yes
ac_cv_debugging=yes
ac_cv_env_CC_set=
ac_cv_env_CC_value=
ac_cv_env_CFLAGS_set=
ac_cv_env_CFLAGS_value=
ac_cv_env_CPPFLAGS_set=
ac_cv_env_CPPFLAGS_value=
ac_cv_env_CPP_set=
ac_cv_env_CPP_value=
ac_cv_env_LDFLAGS_set=
ac_cv_env_LDFLAGS_value=
ac_cv_env_LIBS_set=
ac_cv_env_LIBS_value=
ac_cv_env_build_alias_set=
ac_cv_env_build_alias_value=
ac_cv_env_host_alias_set=
ac_cv_env_host_alias_value=
ac_cv_env_target_alias_set=
ac_cv_env_target_alias_value=
ac_cv_func_memcmp_working=yes
ac_cv_func_select=yes
ac_cv_func_setvbuf_reversed=no
ac_cv_func_socket=yes
ac_cv_func_strerror=yes
ac_cv_func_strtol=yes
ac_cv_header_asm_types_h=yes
ac_cv_header_fcntl_h=yes
ac_cv_header_getopt_h=yes
ac_cv_header_inttypes_h=yes
ac_cv_header_linux_if_ether_h=yes
ac_cv_header_linux_if_h=yes
ac_cv_header_linux_if_packet_h=yes
ac_cv_header_linux_if_pppox_h=yes
ac_cv_header_memory_h=yes
ac_cv_header_net_bpf_h=no
ac_cv_header_net_ethernet_h=yes
ac_cv_header_net_if_arp_h=yes
ac_cv_header_net_if_dl_h=no
ac_cv_header_net_if_ether_h=no
ac_cv_header_net_if_h=yes
ac_cv_header_net_if_types_h=no
ac_cv_header_netinet_if_ether_h=yes
ac_cv_header_netpacket_packet_h=yes
ac_cv_header_stdc=yes
ac_cv_header_stdint_h=yes
ac_cv_header_stdlib_h=yes
ac_cv_header_string_h=yes
ac_cv_header_strings_h=yes
ac_cv_header_sys_cdefs_h=yes
ac_cv_header_sys_dlpi_h=no
ac_cv_header_sys_ioctl_h=yes
ac_cv_header_sys_param_h=yes
ac_cv_header_sys_socket_h=yes
ac_cv_header_sys_stat_h=yes
ac_cv_header_sys_time_h=yes
ac_cv_header_sys_types_h=yes
ac_cv_header_sys_uio_h=yes
ac_cv_header_sys_wait_h=yes
ac_cv_header_syslog_h=yes
ac_cv_header_time=yes
ac_cv_header_unistd_h=yes
ac_cv_licpath=no
ac_cv_linux_kernel_pppoe=no
ac_cv_n_hdlc=yes
ac_cv_objext=o
ac_cv_path_ECHO=/bin/echo
ac_cv_path_EGREP='/bin/grep -E'
ac_cv_path_GREP=/bin/grep
ac_cv_path_ID=/usr/bin/id
ac_cv_path_PPPD=/usr/sbin/pppd
ac_cv_path_SETSID=/usr/bin/setsid
ac_cv_path_install='/usr/bin/install -c'
ac_cv_pluginpath=no
ac_cv_prog_CPP='gcc -E'
ac_cv_prog_ac_ct_CC=gcc
ac_cv_prog_ac_ct_RANLIB=ranlib
ac_cv_prog_cc_c89=
ac_cv_prog_cc_g=yes
ac_cv_sizeof_unsigned_int=4
ac_cv_sizeof_unsigned_long=8
ac_cv_sizeof_unsigned_short=2
ac_cv_struct_sockaddr_ll=yes
ac_cv_struct_tm=time.h
ac_cv_type_pid_t=yes
ac_cv_type_signal=void
rpppoe_cv_pack_bitfields=rev

## ----------------- ##
## Output variables. ##
## ----------------- ##

CC='gcc'
CFLAGS='-g -O2 -fno-strict-aliasing -Wall -Wstrict-prototypes'
CPP='gcc -E'
CPPFLAGS=''
DEFS='-DHAVE_CONFIG_H'
ECHO='/bin/echo'
ECHO_C=''
ECHO_N='-n'
ECHO_T=''
EGREP='/bin/grep -E'
EXEEXT=''
GREP='/bin/grep'
ID='/usr/bin/id'
INSTALL_DATA='${INSTALL} -m 644'
INSTALL_PROGRAM='${INSTALL}'
INSTALL_SCRIPT='${INSTALL}'
LDFLAGS=''
LIBEVENT='../libevent'
LIBOBJS=''
LIBS=''
LIC_DEFINE=''
LIC_INCDIR=''
LIC_LIB=''
LIC_LIBDIR=''
LIC_MAKEFILE_INCLUDE=''
LINUX_KERNELMODE_PLUGIN=''
LTLIBOBJS=''
OBJEXT='o'
PACKAGE_BUGREPORT=''
PACKAGE_NAME=''
PACKAGE_STRING=''
PACKAGE_TARNAME=''
PACKAGE_URL=''
PACKAGE_VERSION=''
PATH_SEPARATOR=':'
PPPD='/usr/sbin/pppd'
PPPD_H=''
PPPD_INCDIR='/usr/include'
PPPOE_RELAY='pppoe-relay'
PPPOE_SERVER_DEPS=''
RANLIB='ranlib'
RDYNAMIC=''
SETSID='/usr/bin/setsid'
SHELL='/bin/sh'
TARGETS='pppoe pppoe-server pppoe-sniff pppoe-relay'
WRAPPER='/usr/sbin/pppoe-wrapper'
ac_ct_CC='gcc'
bindir='${exec_prefix}/bin'
build_alias=''
datadir='${datarootdir}'
datadir_evaluated='${prefix}/share'
datarootdir='${prefix}/share'
docdir='${datarootdir}/doc/${PACKAGE}'
dvidir='${docdir}'
exec_prefix='${prefix}'
host_alias=''
htmldir='${docdir}'
includedir='${prefix}/include'
infodir='${datarootdir}/info'
libdir='${exec_prefix}/lib'
libexecdir='${exec_prefix}/libexec'
localedir='${datarootdir}/locale'
localstatedir='${prefix}/var'
mandir='${datarootdir}/man'
oldincludedir='/usr/include'
pdfdir='${docdir}'
prefix='/usr'
program_transform_name='s,x,x,'
psdir='${docdir}'
sbindir='${exec_prefix}/sbin'
sharedstatedir='${prefix}/com'
sysconfdir='${prefix}/etc'
target_alias=''

## ----------- ##
## confdefs.h. ##
## ----------- ##

/* confdefs.h */
#define PACKAGE_NAME ""
#define PACKAGE_TARNAME ""
#define PACKAGE_VERSION ""
#define PACKAGE_STRING ""
#define PACKAGE_BUGREPORT ""
#define PACKAGE_URL ""
#define STDC_HEADERS 1
#define HAVE_SYS_WAIT_H 1
#define HAVE_SYS_TYPES_H 1
#define HAVE_SYS_STAT_H 1
#define HAVE_STDLIB_H 1
#define HAVE_STRING_H 1
#define HAVE_MEMORY_H 1
#define HAVE_STRINGS_H 1
#define HAVE_INTTYPES_H 1
#define HAVE_STDINT_H 1
#define HAVE_UNISTD_H 1
#define HAVE_FCNTL_H 1
#define HAVE_SYS_IOCTL_H 1
#define HAVE_SYS_TIME_H 1
#define HAVE_SYSLOG_H 1
#define HAVE_UNISTD_H 1
#define HAVE_NET_IF_ARP_H 1
#define HAVE_NETINET_IF_ETHER_H 1
#define HAVE_GETOPT_H 1
#define HAVE_SYS_UIO_H 1
#define HAVE_SYS_PARAM_H 1
#define HAVE_FCNTL_H 1
#define HAVE_NETPACKET_PACKET_H 1
#define HAVE_NET_ETHERNET_H 1
#define HAVE_ASM_TYPES_H 1
#define HAVE_LINUX_IF_PACKET_H 1
#define HAVE_LINUX_IF_ETHER_H 1
#define HAVE_SYS_SOCKET_H 1
#define HAVE_SYS_CDEFS_H 1
#define HAVE_NET_IF_H 1
#define HAVE_NETINET_IF_ETHER_H 1
#define HAVE_LINUX_IF_H 1
#define HAVE_LINUX_IF_PPPOX_H 1
#define TIME_WITH_SYS_TIME 1
#define HAVE_STRUCT_SOCKADDR_LL 1
#define HAVE_N_HDLC 1
#define DEBUGGING_ENABLED 1
#define RETSIGTYPE void
#define HAVE_SELECT 1
#define HAVE_SOCKET 1
#define HAVE_STRERROR 1
#define HAVE_STRTOL 1
#define SIZEOF_UNSIGNED_SHORT 2
#define SIZEOF_UNSIGNED_INT 4
#define SIZEOF_UNSIGNED_LONG 8
#define PACK_BITFIELDS_REVERSED 1

configure: exit 0
